Using pre-set license
Built from '2022.3/staging' branch; Version is '2022.3.9f1 (ea401c316338) revision 15351836'; Using compiler version '192829333'; Build Type 'Release'
OS: 'Windows 11  (10.0.22631) 64bit Core' Language: 'en' Physical Memory: 5996 MB
BatchMode: 1, IsHumanControllingUs: 0, StartBugReporterOnCrash: 0, Is64bit: 1, IsPro: 1

COMMAND LINE ARGUMENTS:
C:\Program Files\Unity 2022.3.9f1\Editor\Unity.exe
-adb2
-batchMode
-noUpm
-name
AssetImportWorker3
-projectPath
C:/Users/padra/source/repos/TemporalThief
-logFile
Logs/AssetImportWorker3.log
-srvPort
55754
Successfully changed project path to: C:/Users/padra/source/repos/TemporalThief
C:/Users/padra/source/repos/TemporalThief
[UnityMemory] Configuration Parameters - Can be set up in boot.config
    "memorysetup-bucket-allocator-granularity=16"
    "memorysetup-bucket-allocator-bucket-count=8"
    "memorysetup-bucket-allocator-block-size=33554432"
    "memorysetup-bucket-allocator-block-count=8"
    "memorysetup-main-allocator-block-size=16777216"
    "memorysetup-thread-allocator-block-size=16777216"
    "memorysetup-gfx-main-allocator-block-size=16777216"
    "memorysetup-gfx-thread-allocator-block-size=16777216"
    "memorysetup-cache-allocator-block-size=4194304"
    "memorysetup-typetree-allocator-block-size=2097152"
    "memorysetup-profiler-bucket-allocator-granularity=16"
    "memorysetup-profiler-bucket-allocator-bucket-count=8"
    "memorysetup-profiler-bucket-allocator-block-size=33554432"
    "memorysetup-profiler-bucket-allocator-block-count=8"
    "memorysetup-profiler-allocator-block-size=16777216"
    "memorysetup-profiler-editor-allocator-block-size=1048576"
    "memorysetup-temp-allocator-size-main=16777216"
    "memorysetup-job-temp-allocator-block-size=2097152"
    "memorysetup-job-temp-allocator-block-size-background=1048576"
    "memorysetup-job-temp-allocator-reduction-small-platforms=262144"
    "memorysetup-allocator-temp-initial-block-size-main=262144"
    "memorysetup-allocator-temp-initial-block-size-worker=262144"
    "memorysetup-temp-allocator-size-background-worker=32768"
    "memorysetup-temp-allocator-size-job-worker=262144"
    "memorysetup-temp-allocator-size-preload-manager=33554432"
    "memorysetup-temp-allocator-size-nav-mesh-worker=65536"
    "memorysetup-temp-allocator-size-audio-worker=65536"
    "memorysetup-temp-allocator-size-cloud-worker=32768"
    "memorysetup-temp-allocator-size-gi-baking-worker=262144"
    "memorysetup-temp-allocator-size-gfx=262144"
Player connection [30108] Host "[IP] 192.168.56.1 [Port] 0 [Flags] 2 [Guid] 2815540024 [EditorId] 2815540024 [Version] 1048832 [Id] WindowsEditor(7,Podges_laptop) [Debug] 1 [PackageName] WindowsEditor [ProjectName] Editor" joined multi-casting on [225.0.0.222:54997]...

Player connection [30108] Host "[IP] 192.168.56.1 [Port] 0 [Flags] 2 [Guid] 2815540024 [EditorId] 2815540024 [Version] 1048832 [Id] WindowsEditor(7,Podges_laptop) [Debug] 1 [PackageName] WindowsEditor [ProjectName] Editor" joined alternative multi-casting on [225.0.0.222:34997]...

[Physics::Module] Initialized MultithreadedJobDispatcher with 15 workers.
Refreshing native plugins compatible for Editor in 14.08 ms, found 3 plugins.
Preloading 0 native plugins for Editor in 0.00 ms.
Initialize engine version: 2022.3.9f1 (ea401c316338)
[Subsystems] Discovering subsystems at path C:/Program Files/Unity 2022.3.9f1/Editor/Data/Resources/UnitySubsystems
[Subsystems] Discovering subsystems at path C:/Users/padra/source/repos/TemporalThief/Assets
GfxDevice: creating device client; threaded=0; jobified=0
Direct3D:
    Version:  Direct3D 11.0 [level 11.1]
    Renderer: NVIDIA GeForce RTX 3060 Laptop GPU (ID=0x2560)
    Vendor:   NVIDIA
    VRAM:     5996 MB
    Driver:   31.0.15.5152
Initialize mono
Mono path[0] = 'C:/Program Files/Unity 2022.3.9f1/Editor/Data/Managed'
Mono path[1] = 'C:/Program Files/Unity 2022.3.9f1/Editor/Data/MonoBleedingEdge/lib/mono/unityjit-win32'
Mono config path = 'C:/Program Files/Unity 2022.3.9f1/Editor/Data/MonoBleedingEdge/etc'
Using monoOptions --debugger-agent=transport=dt_socket,embedding=1,server=y,suspend=n,address=127.0.0.1:56828
Begin MonoManager ReloadAssembly
Registering precompiled unity dll's ...
Register platform support module: C:/Program Files/Unity 2022.3.9f1/Editor/Data/PlaybackEngines/WindowsStandaloneSupport/UnityEditor.WindowsStandalone.Extensions.dll
Registered in 0.009329 seconds.
- Loaded All Assemblies, in  0.611 seconds
Native extension for WindowsStandalone target not found
Mono: successfully reloaded assembly
- Finished resetting the current domain, in  0.237 seconds
Domain Reload Profiling: 845ms
	BeginReloadAssembly (230ms)
		ExecutionOrderSort (0ms)
		DisableScriptedObjects (0ms)
		BackupInstance (0ms)
		ReleaseScriptingObjects (0ms)
		CreateAndSetChildDomain (2ms)
	RebuildCommonClasses (51ms)
	RebuildNativeTypeToScriptingClass (11ms)
	initialDomainReloadingComplete (86ms)
	LoadAllAssembliesAndSetupDomain (229ms)
		LoadAssemblies (225ms)
		RebuildTransferFunctionScriptingTraits (0ms)
		AnalyzeDomain (225ms)
			TypeCache.Refresh (222ms)
				TypeCache.ScanAssembly (199ms)
			ScanForSourceGeneratedMonoScriptInfo (1ms)
			ResolveRequiredComponents (1ms)
	FinalizeReload (238ms)
		ReleaseScriptCaches (0ms)
		RebuildScriptCaches (0ms)
		SetupLoadedEditorAssemblies (174ms)
			LogAssemblyErrors (0ms)
			InitializePlatformSupportModulesInManaged (10ms)
			SetLoadedEditorAssemblies (9ms)
			RefreshPlugins (0ms)
			BeforeProcessingInitializeOnLoad (2ms)
			ProcessInitializeOnLoadAttributes (113ms)
			ProcessInitializeOnLoadMethodAttributes (40ms)
			AfterProcessingInitializeOnLoad (0ms)
			EditorAssembliesLoaded (0ms)
		ExecutionOrderSort2 (0ms)
		AwakeInstancesAfterBackupRestoration (0ms)
========================================================================
Worker process is ready to serve import requests
Begin MonoManager ReloadAssembly
- Loaded All Assemblies, in  0.810 seconds
Refreshing native plugins compatible for Editor in 4.32 ms, found 3 plugins.
Native extension for WindowsStandalone target not found
Package Manager log level set to [2]
[Package Manager] Server::EnsureServerProcessIsRunning -- launch failed, reason: Unity was launched with the -noUpm command-line argument
[Package Manager] UpmClient::Send -- Unable to send message (not connected to UPM process).
[Package Manager] Cannot connect to Unity Package Manager local server
Mono: successfully reloaded assembly
- Finished resetting the current domain, in  0.529 seconds
Domain Reload Profiling: 1335ms
	BeginReloadAssembly (166ms)
		ExecutionOrderSort (0ms)
		DisableScriptedObjects (4ms)
		BackupInstance (0ms)
		ReleaseScriptingObjects (0ms)
		CreateAndSetChildDomain (19ms)
	RebuildCommonClasses (25ms)
	RebuildNativeTypeToScriptingClass (8ms)
	initialDomainReloadingComplete (44ms)
	LoadAllAssembliesAndSetupDomain (563ms)
		LoadAssemblies (488ms)
		RebuildTransferFunctionScriptingTraits (0ms)
		AnalyzeDomain (189ms)
			TypeCache.Refresh (169ms)
				TypeCache.ScanAssembly (126ms)
			ScanForSourceGeneratedMonoScriptInfo (14ms)
			ResolveRequiredComponents (4ms)
	FinalizeReload (529ms)
		ReleaseScriptCaches (0ms)
		RebuildScriptCaches (0ms)
		SetupLoadedEditorAssemblies (385ms)
			LogAssemblyErrors (0ms)
			InitializePlatformSupportModulesInManaged (6ms)
			SetLoadedEditorAssemblies (3ms)
			RefreshPlugins (0ms)
			BeforeProcessingInitializeOnLoad (60ms)
			ProcessInitializeOnLoadAttributes (291ms)
			ProcessInitializeOnLoadMethodAttributes (16ms)
			AfterProcessingInitializeOnLoad (8ms)
			EditorAssembliesLoaded (0ms)
		ExecutionOrderSort2 (0ms)
		AwakeInstancesAfterBackupRestoration (6ms)
Launched and connected shader compiler UnityShaderCompiler.exe after 0.04 seconds
Refreshing native plugins compatible for Editor in 6.91 ms, found 3 plugins.
Preloading 0 native plugins for Editor in 0.00 ms.
Unloading 3506 Unused Serialized files (Serialized files now loaded: 0)
Unloading 38 unused Assets / (56.9 KB). Loaded Objects now: 3971.
Memory consumption went from 127.1 MB to 127.1 MB.
Total: 4.227400 ms (FindLiveObjects: 0.359700 ms CreateObjectMapping: 0.267300 ms MarkObjects: 3.298600 ms  DeleteObjects: 0.300600 ms)

AssetImportParameters requested are different than current active one (requested -> active):
  custom:container-demuxer-ogg: 62fdf1f143b41e24485cea50d1cbac27 -> 
  custom:video-codec-MediaFoundation-h265: 746d11721c4dcdbdad8f713fa42b33f4 -> 
  custom:video-decoder-ogg-theora: a1e56fd34408186e4bbccfd4996cb3dc -> 
  custom:framework-win-MediaFoundation: 216162199b28c13a410421893ffa2e32 -> 
  custom:CustomObjectIndexerAttribute: 756ad292c208cfabdd7b50bc23989ffe -> 
  custom:container-demuxer-webm: 4f35f7cbe854078d1ac9338744f61a02 -> 
  custom:container-muxer-webm: aa71ff27fc2769a1b78a27578f13a17b -> 
  custom:video-decoder-webm-vp8: 9c59270c3fd7afecdb556c50c9e8de78 -> 
  custom:SearchIndexIgnoredProperties: e643bd26f0fe6173181afceb89e7c659 -> 
  custom:AudioImporter_EditorPlatform: d09bf68614088b80899f8185d706f6e7 -> 
  custom:video-encoder-webm-vp8: eb34c28f22e8b96e1ab97ce403110664 -> 
  custom:audio-decoder-ogg-vorbis: bf7c407c2cedff20999df2af8eb42d56 -> 
  custom:audio-encoder-webm-vorbis: bf7c407c2cedff20999df2af8eb42d56 -> 
========================================================================
Received Import Request.
  Time since last request: 261763.498685 seconds.
  path: Assets/My_Character/Concept_Character_1_2.fbm/Bra_Normal.jpg
  artifactKey: Guid(6265b6a24e7099142ab0976dbc065b43) Importer(815301076,1909f56bfc062723c751e8b465ee728b)
Start importing Assets/My_Character/Concept_Character_1_2.fbm/Bra_Normal.jpg using Guid(6265b6a24e7099142ab0976dbc065b43) Importer(815301076,1909f56bfc062723c751e8b465ee728b)  -> (artifact id: 'f84321d7b3bde1f37290bb8cfd0cfbe9') in 0.126836 seconds
Number of updated asset objects reloaded before import = 0
Number of asset objects unloaded after import = 2
========================================================================
Received Import Request.
  Time since last request: 0.000033 seconds.
  path: Assets/My_Character/Concept_Character_1_2.fbm/Scalp_Transparency_Diffuse.png
  artifactKey: Guid(fbf287a38e53fc34cb07f5aad49710a1) Importer(815301076,1909f56bfc062723c751e8b465ee728b)
Start importing Assets/My_Character/Concept_Character_1_2.fbm/Scalp_Transparency_Diffuse.png using Guid(fbf287a38e53fc34cb07f5aad49710a1) Importer(815301076,1909f56bfc062723c751e8b465ee728b)  -> (artifact id: 'c274f8c3eb60e14f3e01e48c35dfc0aa') in 0.037404 seconds
Number of updated asset objects reloaded before import = 0
Number of asset objects unloaded after import = 2
========================================================================
Received Import Request.
  Time since last request: 0.000057 seconds.
  path: Assets/My_Character/Concept_Character_1_2.fbm/Ga_Eye_Diffuse.jpg
  artifactKey: Guid(97b4be4f11c336f4a9abee5dd775004d) Importer(815301076,1909f56bfc062723c751e8b465ee728b)
Start importing Assets/My_Character/Concept_Character_1_2.fbm/Ga_Eye_Diffuse.jpg using Guid(97b4be4f11c336f4a9abee5dd775004d) Importer(815301076,1909f56bfc062723c751e8b465ee728b)  -> (artifact id: 'e139b66b543dc0238e4beaa8e02184fd') in 0.024629 seconds
Number of updated asset objects reloaded before import = 0
Number of asset objects unloaded after import = 2
========================================================================
Received Import Request.
  Time since last request: 0.000039 seconds.
  path: Assets/My_Character/Concept_Character_1_2.fbm/Std_Lower_Teeth_Normal.png
  artifactKey: Guid(b44d2577434532b41a4be276450db122) Importer(815301076,1909f56bfc062723c751e8b465ee728b)
Start importing Assets/My_Character/Concept_Character_1_2.fbm/Std_Lower_Teeth_Normal.png using Guid(b44d2577434532b41a4be276450db122) Importer(815301076,1909f56bfc062723c751e8b465ee728b)  -> (artifact id: '5edfe2c613098881a8bacc15be28fd65') in 0.028425 seconds
Number of updated asset objects reloaded before import = 0
Number of asset objects unloaded after import = 2
========================================================================
Received Import Request.
  Time since last request: 0.000073 seconds.
  path: Assets/My_Character/Concept_Character_1_2.fbm/Std_Tearline_L_Diffuse.png
  artifactKey: Guid(3fb781abc78ed0944aecefa88d5195c1) Importer(815301076,1909f56bfc062723c751e8b465ee728b)
Start importing Assets/My_Character/Concept_Character_1_2.fbm/Std_Tearline_L_Diffuse.png using Guid(3fb781abc78ed0944aecefa88d5195c1) Importer(815301076,1909f56bfc062723c751e8b465ee728b)  -> (artifact id: 'bdbd783751fb4c1374ca60182898b610') in 0.029056 seconds
Number of updated asset objects reloaded before import = 0
Number of asset objects unloaded after import = 2
========================================================================
Received Import Request.
  Time since last request: 0.000034 seconds.
  path: Assets/My_Character/Concept_Character_1_2.fbm/Std_Eyelash_Normal.png
  artifactKey: Guid(3ba07900af04a3145b53b3ee1ee23c7e) Importer(815301076,1909f56bfc062723c751e8b465ee728b)
Start importing Assets/My_Character/Concept_Character_1_2.fbm/Std_Eyelash_Normal.png using Guid(3ba07900af04a3145b53b3ee1ee23c7e) Importer(815301076,1909f56bfc062723c751e8b465ee728b)  -> (artifact id: '56246ffdd74fa79159ccec0cdd8ac52d') in 0.034878 seconds
Number of updated asset objects reloaded before import = 0
Number of asset objects unloaded after import = 2
========================================================================
Received Import Request.
  Time since last request: 0.000037 seconds.
  path: Assets/My_Character/Concept_Character_1_2.fbm/Std_Eye_Occlusion_L_Opacity.png
  artifactKey: Guid(e1837516a9ed2f54384806fb27d5f174) Importer(815301076,1909f56bfc062723c751e8b465ee728b)
Start importing Assets/My_Character/Concept_Character_1_2.fbm/Std_Eye_Occlusion_L_Opacity.png using Guid(e1837516a9ed2f54384806fb27d5f174) Importer(815301076,1909f56bfc062723c751e8b465ee728b)  -> (artifact id: '3cde4355e4c67287a190d8e5ed11cad1') in 0.015455 seconds
Number of updated asset objects reloaded before import = 0
Number of asset objects unloaded after import = 2
========================================================================
Received Import Request.
  Time since last request: 0.000020 seconds.
  path: Assets/My_Character/Concept_Character_1_2.fbm/Ga_Eye_Normal.jpg
  artifactKey: Guid(095f15ce330a9ad4196c60090c2d20d4) Importer(815301076,1909f56bfc062723c751e8b465ee728b)
Start importing Assets/My_Character/Concept_Character_1_2.fbm/Ga_Eye_Normal.jpg using Guid(095f15ce330a9ad4196c60090c2d20d4) Importer(815301076,1909f56bfc062723c751e8b465ee728b)  -> (artifact id: '75706c2c9df405bb751a665ae90e6cd5') in 0.020647 seconds
Number of updated asset objects reloaded before import = 0
Number of asset objects unloaded after import = 2
========================================================================
Received Import Request.
  Time since last request: 0.000026 seconds.
  path: Assets/My_Character/Concept_Character_1_2.fbm/Std_Skin_Leg_Normal.png
  artifactKey: Guid(bd096418cc6845246859b66b1ee1d8fa) Importer(815301076,1909f56bfc062723c751e8b465ee728b)
Start importing Assets/My_Character/Concept_Character_1_2.fbm/Std_Skin_Leg_Normal.png using Guid(bd096418cc6845246859b66b1ee1d8fa) Importer(815301076,1909f56bfc062723c751e8b465ee728b)  -> (artifact id: '2e074337a890d7158a6f1060a81bc0c7') in 0.029190 seconds
Number of updated asset objects reloaded before import = 0
Number of asset objects unloaded after import = 2
========================================================================
Received Import Request.
  Time since last request: 0.000018 seconds.
  path: Assets/My_Character/Concept_Character_1_2.fbm/Std_Skin_Arm_Normal.png
  artifactKey: Guid(c8814edc88f8411499ff7181f287d4c8) Importer(815301076,1909f56bfc062723c751e8b465ee728b)
Start importing Assets/My_Character/Concept_Character_1_2.fbm/Std_Skin_Arm_Normal.png using Guid(c8814edc88f8411499ff7181f287d4c8) Importer(815301076,1909f56bfc062723c751e8b465ee728b)  -> (artifact id: '0b5dd18dfcb5ec19283ebcd4f6bad6a2') in 0.029112 seconds
Number of updated asset objects reloaded before import = 0
Number of asset objects unloaded after import = 2
========================================================================
Received Import Request.
  Time since last request: 0.000021 seconds.
  path: Assets/My_Character/Concept_Character_1_2.fbm/Female_Angled_Transparency_Diffuse.png
  artifactKey: Guid(49902d58d59601f4f8cb3a3f2a07ae19) Importer(815301076,1909f56bfc062723c751e8b465ee728b)
Start importing Assets/My_Character/Concept_Character_1_2.fbm/Female_Angled_Transparency_Diffuse.png using Guid(49902d58d59601f4f8cb3a3f2a07ae19) Importer(815301076,1909f56bfc062723c751e8b465ee728b)  -> (artifact id: '4224605805105177e96cd3cd263bebab') in 0.027623 seconds
Number of updated asset objects reloaded before import = 0
Number of asset objects unloaded after import = 2
========================================================================
Received Import Request.
  Time since last request: 0.000040 seconds.
  path: Assets/My_Character/Concept_Character_1_2.fbm/Denim_shorts_Normal.jpg
  artifactKey: Guid(3389416051dfcd34db67c8e1050f3a0e) Importer(815301076,1909f56bfc062723c751e8b465ee728b)
Start importing Assets/My_Character/Concept_Character_1_2.fbm/Denim_shorts_Normal.jpg using Guid(3389416051dfcd34db67c8e1050f3a0e) Importer(815301076,1909f56bfc062723c751e8b465ee728b)  -> (artifact id: '12bc76b9a91cfabeb00608cc627626d5') in 0.026011 seconds
Number of updated asset objects reloaded before import = 0
Number of asset objects unloaded after import = 2
========================================================================
Received Import Request.
  Time since last request: 0.000047 seconds.
  path: Assets/My_Character/Concept_Character_1_2.fbm/Denim_shorts_Diffuse.jpg
  artifactKey: Guid(6c7b5030e061c794d9d05d114f2727b9) Importer(815301076,1909f56bfc062723c751e8b465ee728b)
Start importing Assets/My_Character/Concept_Character_1_2.fbm/Denim_shorts_Diffuse.jpg using Guid(6c7b5030e061c794d9d05d114f2727b9) Importer(815301076,1909f56bfc062723c751e8b465ee728b)  -> (artifact id: 'd3aadffb7a6f4494ecd7b0ff3e622b84') in 0.027868 seconds
Number of updated asset objects reloaded before import = 0
Number of asset objects unloaded after import = 2
========================================================================
Received Import Request.
  Time since last request: 0.000027 seconds.
  path: Assets/My_Character/Concept_Character_1_2.fbm/Slim_trench_coat_Diffuse.jpg
  artifactKey: Guid(7758006dacaf5d04c8aae699bf428f2c) Importer(815301076,1909f56bfc062723c751e8b465ee728b)
Start importing Assets/My_Character/Concept_Character_1_2.fbm/Slim_trench_coat_Diffuse.jpg using Guid(7758006dacaf5d04c8aae699bf428f2c) Importer(815301076,1909f56bfc062723c751e8b465ee728b)  -> (artifact id: 'efde38b19f061aac80d38079ddc5283e') in 0.028860 seconds
Number of updated asset objects reloaded before import = 0
Number of asset objects unloaded after import = 2
========================================================================
Received Import Request.
  Time since last request: 0.000036 seconds.
  path: Assets/My_Character/Concept_Character_1_2.fbm/Std_Nails_Normal.png
  artifactKey: Guid(2a86afc413bc2404fb2596c0385a4fd0) Importer(815301076,1909f56bfc062723c751e8b465ee728b)
Start importing Assets/My_Character/Concept_Character_1_2.fbm/Std_Nails_Normal.png using Guid(2a86afc413bc2404fb2596c0385a4fd0) Importer(815301076,1909f56bfc062723c751e8b465ee728b)  -> (artifact id: '830c510b1d7709b481604c903d7bd3ac') in 0.030314 seconds
Number of updated asset objects reloaded before import = 0
Number of asset objects unloaded after import = 2
========================================================================
Received Import Request.
  Time since last request: 0.000082 seconds.
  path: Assets/My_Character/Concept_Character_1_2.fbm/Std_Skin_Leg_Diffuse.jpg
  artifactKey: Guid(9ac5ecb55900a1d4fa3f52e79b172213) Importer(815301076,1909f56bfc062723c751e8b465ee728b)
Start importing Assets/My_Character/Concept_Character_1_2.fbm/Std_Skin_Leg_Diffuse.jpg using Guid(9ac5ecb55900a1d4fa3f52e79b172213) Importer(815301076,1909f56bfc062723c751e8b465ee728b)  -> (artifact id: '50842e9881f1a92e12ab9b3dbb584b73') in 0.038726 seconds
Number of updated asset objects reloaded before import = 0
Number of asset objects unloaded after import = 2
========================================================================
Received Import Request.
  Time since last request: 0.256447 seconds.
  path: Assets/My_Character/Concept_Character_1_2.fbm/Std_Tongue_Diffuse.jpg
  artifactKey: Guid(48f83df4f84639a4fa8e209b1c26ce65) Importer(815301076,1909f56bfc062723c751e8b465ee728b)
Start importing Assets/My_Character/Concept_Character_1_2.fbm/Std_Tongue_Diffuse.jpg using Guid(48f83df4f84639a4fa8e209b1c26ce65) Importer(815301076,1909f56bfc062723c751e8b465ee728b)  -> (artifact id: '56f2c32fb7c04e66a51d6e3b1fe36a72') in 0.034870 seconds
Number of updated asset objects reloaded before import = 0
Number of asset objects unloaded after import = 2
========================================================================
Received Import Request.
  Time since last request: 0.000044 seconds.
  path: Assets/My_Character/Concept_Character_1_2.fbm/Strap_top_Diffuse.png
  artifactKey: Guid(deb8ed65f110c574b8e4ef9c9b341311) Importer(815301076,1909f56bfc062723c751e8b465ee728b)
Start importing Assets/My_Character/Concept_Character_1_2.fbm/Strap_top_Diffuse.png using Guid(deb8ed65f110c574b8e4ef9c9b341311) Importer(815301076,1909f56bfc062723c751e8b465ee728b)  -> (artifact id: '780603a6dc8e37ab41ffeee3a5fad620') in 0.034689 seconds
Number of updated asset objects reloaded before import = 0
Number of asset objects unloaded after import = 2
========================================================================
Received Import Request.
  Time since last request: 0.000072 seconds.
  path: Assets/My_Character/Concept_Character_1_2.fbm/Strap_top_Normal.jpg
  artifactKey: Guid(ca3b3674ba4e41e4491e5a564b0cb21e) Importer(815301076,1909f56bfc062723c751e8b465ee728b)
Start importing Assets/My_Character/Concept_Character_1_2.fbm/Strap_top_Normal.jpg using Guid(ca3b3674ba4e41e4491e5a564b0cb21e) Importer(815301076,1909f56bfc062723c751e8b465ee728b)  -> (artifact id: '9f2bf8c06cd5cb49d18571397b1ff236') in 0.025911 seconds
Number of updated asset objects reloaded before import = 0
Number of asset objects unloaded after import = 2
========================================================================
Received Import Request.
  Time since last request: 0.000022 seconds.
  path: Assets/My_Character/Concept_Character_1_2.fbm/Std_Upper_Teeth_Diffuse.jpg
  artifactKey: Guid(94007cd46695d6f41aefc227481ce390) Importer(815301076,1909f56bfc062723c751e8b465ee728b)
Start importing Assets/My_Character/Concept_Character_1_2.fbm/Std_Upper_Teeth_Diffuse.jpg using Guid(94007cd46695d6f41aefc227481ce390) Importer(815301076,1909f56bfc062723c751e8b465ee728b)  -> (artifact id: '3b5ebf18ff865e75bfa1cecfaf1b70df') in 0.023871 seconds
Number of updated asset objects reloaded before import = 0
Number of asset objects unloaded after import = 2
